{"f:\\wood\\airainhub\\service\\public\\log.js":{"path":"f:\\wood\\airainhub\\service\\public\\log.js","s":{"1":1,"2":1,"3":1,"4":1,"5":1,"6":1,"7":1,"8":1,"9":1,"10":1,"11":1,"12":1,"13":4,"14":4,"15":0,"16":0,"17":0,"18":0,"19":0,"20":0,"21":0,"22":0,"23":0,"24":0,"25":0,"26":0,"27":0,"28":0,"29":0,"30":0,"31":0,"32":0,"33":4,"34":1,"35":1,"36":1,"37":1,"38":0,"39":0,"40":4,"41":4,"42":4,"43":5,"44":4,"45":1,"46":1,"47":1,"48":1,"49":1,"50":1,"51":1,"52":2,"53":1,"54":1,"55":2},"b":{"1":[1,1,1],"2":[1,1,1],"3":[0,1],"4":[1,1],"5":[1,0,1],"6":[1,0,1],"7":[0,1],"8":[1,0],"9":[4,0],"10":[0,0],"11":[0,0],"12":[0,0],"13":[0,0],"14":[0,0],"15":[0,0],"16":[1,1,1,1,0,0],"17":[4,1],"18":[1,1]},"f":{"1":1,"2":1,"3":4,"4":4,"5":4,"6":4,"7":5,"8":1,"9":1,"10":1,"11":1,"12":1,"13":2},"fnMap":{"1":{"name":"(anonymous_1)","line":17,"loc":{"start":{"line":17,"column":12},"end":{"line":17,"column":20}}},"2":{"name":"(anonymous_2)","line":23,"loc":{"start":{"line":23,"column":6},"end":{"line":23,"column":14}}},"3":{"name":"(anonymous_3)","line":29,"loc":{"start":{"line":29,"column":7},"end":{"line":29,"column":9}}},"4":{"name":"(anonymous_4)","line":57,"loc":{"start":{"line":57,"column":10},"end":{"line":57,"column":17}}},"5":{"name":"(anonymous_5)","line":74,"loc":{"start":{"line":74,"column":8},"end":{"line":74,"column":26}}},"6":{"name":"(anonymous_6)","line":79,"loc":{"start":{"line":79,"column":7},"end":{"line":79,"column":12}}},"7":{"name":"(anonymous_7)","line":83,"loc":{"start":{"line":83,"column":5},"end":{"line":83,"column":16}}},"8":{"name":"(anonymous_8)","line":89,"loc":{"start":{"line":89,"column":6},"end":{"line":89,"column":11}}},"9":{"name":"(anonymous_9)","line":93,"loc":{"start":{"line":93,"column":6},"end":{"line":93,"column":11}}},"10":{"name":"(anonymous_10)","line":97,"loc":{"start":{"line":97,"column":5},"end":{"line":97,"column":10}}},"11":{"name":"(anonymous_11)","line":101,"loc":{"start":{"line":101,"column":5},"end":{"line":101,"column":10}}},"12":{"name":"(anonymous_12)","line":105,"loc":{"start":{"line":105,"column":6},"end":{"line":105,"column":11}}},"13":{"name":"(anonymous_13)","line":111,"loc":{"start":{"line":111,"column":17},"end":{"line":111,"column":33}}}},"statementMap":{"1":{"start":{"line":1,"column":1},"end":{"line":1,"column":30}},"2":{"start":{"line":2,"column":0},"end":{"line":2,"column":29}},"3":{"start":{"line":3,"column":0},"end":{"line":3,"column":25}},"4":{"start":{"line":5,"column":0},"end":{"line":11,"column":2}},"5":{"start":{"line":13,"column":0},"end":{"line":13,"column":33}},"6":{"start":{"line":14,"column":0},"end":{"line":14,"column":30}},"7":{"start":{"line":18,"column":2},"end":{"line":18,"column":59}},"8":{"start":{"line":19,"column":2},"end":{"line":19,"column":68}},"9":{"start":{"line":20,"column":2},"end":{"line":20,"column":79}},"10":{"start":{"line":24,"column":2},"end":{"line":24,"column":59}},"11":{"start":{"line":25,"column":2},"end":{"line":25,"column":68}},"12":{"start":{"line":26,"column":2},"end":{"line":26,"column":79}},"13":{"start":{"line":30,"column":2},"end":{"line":32,"column":3}},"14":{"start":{"line":31,"column":3},"end":{"line":31,"column":13}},"15":{"start":{"line":33,"column":2},"end":{"line":33,"column":52}},"16":{"start":{"line":34,"column":2},"end":{"line":34,"column":15}},"17":{"start":{"line":35,"column":2},"end":{"line":35,"column":19}},"18":{"start":{"line":36,"column":2},"end":{"line":53,"column":3}},"19":{"start":{"line":37,"column":3},"end":{"line":37,"column":43}},"20":{"start":{"line":38,"column":3},"end":{"line":52,"column":4}},"21":{"start":{"line":39,"column":4},"end":{"line":39,"column":41}},"22":{"start":{"line":40,"column":4},"end":{"line":51,"column":5}},"23":{"start":{"line":41,"column":5},"end":{"line":41,"column":17}},"24":{"start":{"line":42,"column":10},"end":{"line":51,"column":5}},"25":{"start":{"line":43,"column":5},"end":{"line":43,"column":61}},"26":{"start":{"line":44,"column":5},"end":{"line":47,"column":6}},"27":{"start":{"line":45,"column":6},"end":{"line":45,"column":54}},"28":{"start":{"line":46,"column":6},"end":{"line":46,"column":25}},"29":{"start":{"line":48,"column":5},"end":{"line":48,"column":25}},"30":{"start":{"line":49,"column":5},"end":{"line":49,"column":38}},"31":{"start":{"line":50,"column":5},"end":{"line":50,"column":11}},"32":{"start":{"line":54,"column":2},"end":{"line":54,"column":13}},"33":{"start":{"line":58,"column":2},"end":{"line":71,"column":3}},"34":{"start":{"line":60,"column":4},"end":{"line":60,"column":19}},"35":{"start":{"line":62,"column":4},"end":{"line":62,"column":19}},"36":{"start":{"line":64,"column":4},"end":{"line":64,"column":18}},"37":{"start":{"line":66,"column":4},"end":{"line":66,"column":18}},"38":{"start":{"line":68,"column":4},"end":{"line":68,"column":19}},"39":{"start":{"line":70,"column":4},"end":{"line":70,"column":20}},"40":{"start":{"line":75,"column":2},"end":{"line":75,"column":176}},"41":{"start":{"line":76,"column":2},"end":{"line":76,"column":106}},"42":{"start":{"line":80,"column":2},"end":{"line":80,"column":19}},"43":{"start":{"line":84,"column":2},"end":{"line":86,"column":3}},"44":{"start":{"line":85,"column":3},"end":{"line":85,"column":54}},"45":{"start":{"line":90,"column":2},"end":{"line":90,"column":34}},"46":{"start":{"line":94,"column":2},"end":{"line":94,"column":34}},"47":{"start":{"line":98,"column":2},"end":{"line":98,"column":33}},"48":{"start":{"line":102,"column":2},"end":{"line":102,"column":33}},"49":{"start":{"line":106,"column":2},"end":{"line":106,"column":34}},"50":{"start":{"line":110,"column":0},"end":{"line":110,"column":21}},"51":{"start":{"line":111,"column":0},"end":{"line":118,"column":2}},"52":{"start":{"line":112,"column":1},"end":{"line":116,"column":2}},"53":{"start":{"line":113,"column":2},"end":{"line":113,"column":30}},"54":{"start":{"line":115,"column":2},"end":{"line":115,"column":26}},"55":{"start":{"line":117,"column":1},"end":{"line":117,"column":18}}},"branchMap":{"1":{"line":18,"type":"binary-expr","locations":[{"start":{"line":18,"column":17},"end":{"line":18,"column":23}},{"start":{"line":18,"column":27},"end":{"line":18,"column":39}},{"start":{"line":18,"column":44},"end":{"line":18,"column":58}}]},"2":{"line":19,"type":"binary-expr","locations":[{"start":{"line":19,"column":22},"end":{"line":19,"column":28}},{"start":{"line":19,"column":32},"end":{"line":19,"column":44}},{"start":{"line":19,"column":49},"end":{"line":19,"column":67}}]},"3":{"line":20,"type":"cond-expr","locations":[{"start":{"line":20,"column":57},"end":{"line":20,"column":70}},{"start":{"line":20,"column":73},"end":{"line":20,"column":78}}]},"4":{"line":20,"type":"binary-expr","locations":[{"start":{"line":20,"column":17},"end":{"line":20,"column":23}},{"start":{"line":20,"column":27},"end":{"line":20,"column":54}}]},"5":{"line":24,"type":"binary-expr","locations":[{"start":{"line":24,"column":17},"end":{"line":24,"column":23}},{"start":{"line":24,"column":27},"end":{"line":24,"column":39}},{"start":{"line":24,"column":44},"end":{"line":24,"column":58}}]},"6":{"line":25,"type":"binary-expr","locations":[{"start":{"line":25,"column":22},"end":{"line":25,"column":28}},{"start":{"line":25,"column":32},"end":{"line":25,"column":44}},{"start":{"line":25,"column":49},"end":{"line":25,"column":67}}]},"7":{"line":26,"type":"cond-expr","locations":[{"start":{"line":26,"column":57},"end":{"line":26,"column":70}},{"start":{"line":26,"column":73},"end":{"line":26,"column":78}}]},"8":{"line":26,"type":"binary-expr","locations":[{"start":{"line":26,"column":17},"end":{"line":26,"column":23}},{"start":{"line":26,"column":27},"end":{"line":26,"column":54}}]},"9":{"line":30,"type":"if","locations":[{"start":{"line":30,"column":2},"end":{"line":30,"column":2}},{"start":{"line":30,"column":2},"end":{"line":30,"column":2}}]},"10":{"line":38,"type":"if","locations":[{"start":{"line":38,"column":3},"end":{"line":38,"column":3}},{"start":{"line":38,"column":3},"end":{"line":38,"column":3}}]},"11":{"line":40,"type":"if","locations":[{"start":{"line":40,"column":4},"end":{"line":40,"column":4}},{"start":{"line":40,"column":4},"end":{"line":40,"column":4}}]},"12":{"line":42,"type":"if","locations":[{"start":{"line":42,"column":10},"end":{"line":42,"column":10}},{"start":{"line":42,"column":10},"end":{"line":42,"column":10}}]},"13":{"line":43,"type":"cond-expr","locations":[{"start":{"line":43,"column":51},"end":{"line":43,"column":55}},{"start":{"line":43,"column":56},"end":{"line":43,"column":59}}]},"14":{"line":44,"type":"if","locations":[{"start":{"line":44,"column":5},"end":{"line":44,"column":5}},{"start":{"line":44,"column":5},"end":{"line":44,"column":5}}]},"15":{"line":44,"type":"binary-expr","locations":[{"start":{"line":44,"column":8},"end":{"line":44,"column":18}},{"start":{"line":44,"column":22},"end":{"line":44,"column":52}}]},"16":{"line":58,"type":"switch","locations":[{"start":{"line":59,"column":3},"end":{"line":60,"column":19}},{"start":{"line":61,"column":3},"end":{"line":62,"column":19}},{"start":{"line":63,"column":3},"end":{"line":64,"column":18}},{"start":{"line":65,"column":3},"end":{"line":66,"column":18}},{"start":{"line":67,"column":3},"end":{"line":68,"column":19}},{"start":{"line":69,"column":3},"end":{"line":70,"column":20}}]},"17":{"line":84,"type":"if","locations":[{"start":{"line":84,"column":2},"end":{"line":84,"column":2}},{"start":{"line":84,"column":2},"end":{"line":84,"column":2}}]},"18":{"line":112,"type":"if","locations":[{"start":{"line":112,"column":1},"end":{"line":112,"column":1}},{"start":{"line":112,"column":1},"end":{"line":112,"column":1}}]}}},"f:\\wood\\airainhub\\service\\public\\tools.js":{"path":"f:\\wood\\airainhub\\service\\public\\tools.js","s":{"1":1,"2":1,"3":1,"4":1,"5":1,"6":1,"7":0,"8":0,"9":0,"10":0,"11":0,"12":0,"13":0,"14":0,"15":0,"16":0,"17":1,"18":6,"19":3,"20":3,"21":3,"22":1,"23":2,"24":6,"25":1,"26":1,"27":4,"28":1,"29":3,"30":1,"31":2,"32":0,"33":0,"34":0,"35":0,"36":0,"37":0,"38":0,"39":0,"40":0,"41":0,"42":0,"43":0,"44":0,"45":0,"46":0,"47":0,"48":0,"49":0,"50":0,"51":0,"52":0,"53":0,"54":0,"55":0,"56":0,"57":0,"58":0,"59":0,"60":0,"61":0,"62":0,"63":0,"64":0,"65":0,"66":0,"67":0,"68":0,"69":0,"70":0,"71":0,"72":0,"73":0,"74":0,"75":0,"76":1,"77":1,"78":1,"79":1,"80":1},"b":{"1":[0,0],"2":[0,0],"3":[0,0],"4":[0,0],"5":[0,0],"6":[0,0],"7":[0,0],"8":[3,3],"9":[1,2],"10":[1,5],"11":[6,6],"12":[1,3],"13":[0,0],"14":[0,0],"15":[0,0],"16":[0,0],"17":[0,0],"18":[0,0],"19":[0,0],"20":[0,0],"21":[0,0],"22":[0,0],"23":[1,0]},"f":{"1":0,"2":1,"3":6,"4":4,"5":0,"6":0,"7":0,"8":0,"9":0,"10":0,"11":0,"12":0,"13":0,"14":1},"fnMap":{"1":{"name":"(anonymous_1)","line":13,"loc":{"start":{"line":13,"column":25},"end":{"line":13,"column":39}}},"2":{"name":"(anonymous_2)","line":48,"loc":{"start":{"line":48,"column":12},"end":{"line":48,"column":17}}},"3":{"name":"(anonymous_3)","line":51,"loc":{"start":{"line":51,"column":7},"end":{"line":51,"column":11}}},"4":{"name":"(anonymous_4)","line":67,"loc":{"start":{"line":67,"column":14},"end":{"line":67,"column":19}}},"5":{"name":"(anonymous_5)","line":77,"loc":{"start":{"line":77,"column":9},"end":{"line":77,"column":14}}},"6":{"name":"(anonymous_6)","line":81,"loc":{"start":{"line":81,"column":16},"end":{"line":81,"column":26}}},"7":{"name":"(anonymous_7)","line":90,"loc":{"start":{"line":90,"column":4},"end":{"line":90,"column":9}}},"8":{"name":"(anonymous_8)","line":94,"loc":{"start":{"line":94,"column":17},"end":{"line":94,"column":23}}},"9":{"name":"(anonymous_9)","line":98,"loc":{"start":{"line":98,"column":10},"end":{"line":98,"column":28}}},"10":{"name":"(anonymous_10)","line":106,"loc":{"start":{"line":106,"column":17},"end":{"line":106,"column":45}}},"11":{"name":"(anonymous_11)","line":121,"loc":{"start":{"line":121,"column":21},"end":{"line":121,"column":44}}},"12":{"name":"(anonymous_12)","line":135,"loc":{"start":{"line":135,"column":11},"end":{"line":135,"column":28}}},"13":{"name":"(anonymous_13)","line":142,"loc":{"start":{"line":142,"column":17},"end":{"line":142,"column":32}}},"14":{"name":"(anonymous_14)","line":166,"loc":{"start":{"line":166,"column":17},"end":{"line":166,"column":27}}}},"statementMap":{"1":{"start":{"line":7,"column":0},"end":{"line":7,"column":31}},"2":{"start":{"line":8,"column":0},"end":{"line":8,"column":29}},"3":{"start":{"line":9,"column":0},"end":{"line":9,"column":25}},"4":{"start":{"line":10,"column":0},"end":{"line":10,"column":29}},"5":{"start":{"line":11,"column":0},"end":{"line":11,"column":33}},"6":{"start":{"line":13,"column":0},"end":{"line":45,"column":1}},"7":{"start":{"line":14,"column":1},"end":{"line":23,"column":3}},"8":{"start":{"line":24,"column":1},"end":{"line":32,"column":3}},"9":{"start":{"line":33,"column":1},"end":{"line":35,"column":2}},"10":{"start":{"line":34,"column":5},"end":{"line":34,"column":86}},"11":{"start":{"line":36,"column":1},"end":{"line":38,"column":2}},"12":{"start":{"line":37,"column":5},"end":{"line":37,"column":135}},"13":{"start":{"line":39,"column":1},"end":{"line":43,"column":5}},"14":{"start":{"line":40,"column":5},"end":{"line":42,"column":9}},"15":{"start":{"line":41,"column":9},"end":{"line":41,"column":113}},"16":{"start":{"line":44,"column":4},"end":{"line":44,"column":15}},"17":{"start":{"line":49,"column":2},"end":{"line":49,"column":17}},"18":{"start":{"line":52,"column":2},"end":{"line":54,"column":3}},"19":{"start":{"line":53,"column":3},"end":{"line":53,"column":16}},"20":{"start":{"line":55,"column":2},"end":{"line":55,"column":26}},"21":{"start":{"line":56,"column":2},"end":{"line":58,"column":3}},"22":{"start":{"line":57,"column":3},"end":{"line":57,"column":16}},"23":{"start":{"line":59,"column":2},"end":{"line":63,"column":3}},"24":{"start":{"line":60,"column":3},"end":{"line":62,"column":4}},"25":{"start":{"line":61,"column":4},"end":{"line":61,"column":17}},"26":{"start":{"line":64,"column":2},"end":{"line":64,"column":14}},"27":{"start":{"line":68,"column":2},"end":{"line":70,"column":3}},"28":{"start":{"line":69,"column":3},"end":{"line":69,"column":16}},"29":{"start":{"line":71,"column":2},"end":{"line":73,"column":3}},"30":{"start":{"line":72,"column":3},"end":{"line":72,"column":15}},"31":{"start":{"line":74,"column":2},"end":{"line":74,"column":15}},"32":{"start":{"line":78,"column":2},"end":{"line":78,"column":66}},"33":{"start":{"line":82,"column":2},"end":{"line":87,"column":3}},"34":{"start":{"line":83,"column":3},"end":{"line":83,"column":35}},"35":{"start":{"line":84,"column":3},"end":{"line":84,"column":15}},"36":{"start":{"line":86,"column":3},"end":{"line":86,"column":16}},"37":{"start":{"line":91,"column":2},"end":{"line":91,"column":67}},"38":{"start":{"line":95,"column":2},"end":{"line":95,"column":57}},"39":{"start":{"line":99,"column":2},"end":{"line":99,"column":24}},"40":{"start":{"line":100,"column":2},"end":{"line":102,"column":3}},"41":{"start":{"line":101,"column":3},"end":{"line":101,"column":49}},"42":{"start":{"line":103,"column":2},"end":{"line":103,"column":71}},"43":{"start":{"line":107,"column":2},"end":{"line":118,"column":3}},"44":{"start":{"line":108,"column":3},"end":{"line":108,"column":27}},"45":{"start":{"line":109,"column":3},"end":{"line":109,"column":40}},"46":{"start":{"line":111,"column":3},"end":{"line":113,"column":4}},"47":{"start":{"line":112,"column":4},"end":{"line":112,"column":23}},"48":{"start":{"line":114,"column":3},"end":{"line":114,"column":51}},"49":{"start":{"line":115,"column":3},"end":{"line":115,"column":14}},"50":{"start":{"line":117,"column":3},"end":{"line":117,"column":15}},"51":{"start":{"line":122,"column":2},"end":{"line":132,"column":3}},"52":{"start":{"line":123,"column":3},"end":{"line":123,"column":45}},"53":{"start":{"line":124,"column":3},"end":{"line":129,"column":4}},"54":{"start":{"line":125,"column":4},"end":{"line":125,"column":44}},"55":{"start":{"line":126,"column":4},"end":{"line":126,"column":38}},"56":{"start":{"line":128,"column":4},"end":{"line":128,"column":31}},"57":{"start":{"line":131,"column":3},"end":{"line":131,"column":15}},"58":{"start":{"line":136,"column":2},"end":{"line":136,"column":18}},"59":{"start":{"line":137,"column":2},"end":{"line":137,"column":38}},"60":{"start":{"line":137,"column":25},"end":{"line":137,"column":36}},"61":{"start":{"line":138,"column":2},"end":{"line":138,"column":46}},"62":{"start":{"line":139,"column":2},"end":{"line":139,"column":43}},"63":{"start":{"line":140,"column":2},"end":{"line":140,"column":16}},"64":{"start":{"line":141,"column":2},"end":{"line":141,"column":17}},"65":{"start":{"line":142,"column":2},"end":{"line":144,"column":4}},"66":{"start":{"line":143,"column":3},"end":{"line":143,"column":37}},"67":{"start":{"line":145,"column":2},"end":{"line":160,"column":3}},"68":{"start":{"line":147,"column":3},"end":{"line":159,"column":4}},"69":{"start":{"line":148,"column":4},"end":{"line":152,"column":5}},"70":{"start":{"line":149,"column":5},"end":{"line":149,"column":23}},"71":{"start":{"line":151,"column":5},"end":{"line":151,"column":24}},"72":{"start":{"line":154,"column":4},"end":{"line":158,"column":5}},"73":{"start":{"line":155,"column":5},"end":{"line":155,"column":23}},"74":{"start":{"line":157,"column":5},"end":{"line":157,"column":24}},"75":{"start":{"line":161,"column":2},"end":{"line":161,"column":93}},"76":{"start":{"line":165,"column":0},"end":{"line":165,"column":21}},"77":{"start":{"line":166,"column":0},"end":{"line":171,"column":2}},"78":{"start":{"line":167,"column":1},"end":{"line":169,"column":2}},"79":{"start":{"line":168,"column":2},"end":{"line":168,"column":26}},"80":{"start":{"line":170,"column":1},"end":{"line":170,"column":18}}},"branchMap":{"1":{"line":17,"type":"cond-expr","locations":[{"start":{"line":17,"column":35},"end":{"line":17,"column":37}},{"start":{"line":17,"column":40},"end":{"line":17,"column":58}}]},"2":{"line":33,"type":"if","locations":[{"start":{"line":33,"column":1},"end":{"line":33,"column":1}},{"start":{"line":33,"column":1},"end":{"line":33,"column":1}}]},"3":{"line":36,"type":"if","locations":[{"start":{"line":36,"column":1},"end":{"line":36,"column":1}},{"start":{"line":36,"column":1},"end":{"line":36,"column":1}}]},"4":{"line":37,"type":"cond-expr","locations":[{"start":{"line":37,"column":57},"end":{"line":37,"column":103}},{"start":{"line":37,"column":107},"end":{"line":37,"column":109}}]},"5":{"line":37,"type":"cond-expr","locations":[{"start":{"line":37,"column":78},"end":{"line":37,"column":92}},{"start":{"line":37,"column":95},"end":{"line":37,"column":103}}]},"6":{"line":40,"type":"if","locations":[{"start":{"line":40,"column":5},"end":{"line":40,"column":5}},{"start":{"line":40,"column":5},"end":{"line":40,"column":5}}]},"7":{"line":41,"type":"cond-expr","locations":[{"start":{"line":41,"column":63},"end":{"line":41,"column":67}},{"start":{"line":41,"column":72},"end":{"line":41,"column":110}}]},"8":{"line":52,"type":"if","locations":[{"start":{"line":52,"column":2},"end":{"line":52,"column":2}},{"start":{"line":52,"column":2},"end":{"line":52,"column":2}}]},"9":{"line":56,"type":"if","locations":[{"start":{"line":56,"column":2},"end":{"line":56,"column":2}},{"start":{"line":56,"column":2},"end":{"line":56,"column":2}}]},"10":{"line":60,"type":"if","locations":[{"start":{"line":60,"column":3},"end":{"line":60,"column":3}},{"start":{"line":60,"column":3},"end":{"line":60,"column":3}}]},"11":{"line":60,"type":"binary-expr","locations":[{"start":{"line":60,"column":6},"end":{"line":60,"column":19}},{"start":{"line":60,"column":23},"end":{"line":60,"column":38}}]},"12":{"line":68,"type":"if","locations":[{"start":{"line":68,"column":2},"end":{"line":68,"column":2}},{"start":{"line":68,"column":2},"end":{"line":68,"column":2}}]},"13":{"line":100,"type":"if","locations":[{"start":{"line":100,"column":2},"end":{"line":100,"column":2}},{"start":{"line":100,"column":2},"end":{"line":100,"column":2}}]},"14":{"line":103,"type":"cond-expr","locations":[{"start":{"line":103,"column":35},"end":{"line":103,"column":45}},{"start":{"line":103,"column":48},"end":{"line":103,"column":69}}]},"15":{"line":111,"type":"if","locations":[{"start":{"line":111,"column":3},"end":{"line":111,"column":3}},{"start":{"line":111,"column":3},"end":{"line":111,"column":3}}]},"16":{"line":124,"type":"if","locations":[{"start":{"line":124,"column":3},"end":{"line":124,"column":3}},{"start":{"line":124,"column":3},"end":{"line":124,"column":3}}]},"17":{"line":137,"type":"if","locations":[{"start":{"line":137,"column":2},"end":{"line":137,"column":2}},{"start":{"line":137,"column":2},"end":{"line":137,"column":2}}]},"18":{"line":143,"type":"cond-expr","locations":[{"start":{"line":143,"column":19},"end":{"line":143,"column":26}},{"start":{"line":143,"column":29},"end":{"line":143,"column":36}}]},"19":{"line":147,"type":"if","locations":[{"start":{"line":147,"column":3},"end":{"line":147,"column":3}},{"start":{"line":147,"column":3},"end":{"line":147,"column":3}}]},"20":{"line":147,"type":"binary-expr","locations":[{"start":{"line":147,"column":6},"end":{"line":147,"column":22}},{"start":{"line":147,"column":26},"end":{"line":147,"column":50}}]},"21":{"line":148,"type":"if","locations":[{"start":{"line":148,"column":4},"end":{"line":148,"column":4}},{"start":{"line":148,"column":4},"end":{"line":148,"column":4}}]},"22":{"line":154,"type":"if","locations":[{"start":{"line":154,"column":4},"end":{"line":154,"column":4}},{"start":{"line":154,"column":4},"end":{"line":154,"column":4}}]},"23":{"line":167,"type":"if","locations":[{"start":{"line":167,"column":1},"end":{"line":167,"column":1}},{"start":{"line":167,"column":1},"end":{"line":167,"column":1}}]}}}}