TN:
SF:f:\wood\airainhub\service\public\log.js
FN:17,(anonymous_1)
FN:23,(anonymous_2)
FN:29,(anonymous_3)
FN:57,(anonymous_4)
FN:74,(anonymous_5)
FN:79,(anonymous_6)
FN:83,(anonymous_7)
FN:89,(anonymous_8)
FN:93,(anonymous_9)
FN:97,(anonymous_10)
FN:101,(anonymous_11)
FN:105,(anonymous_12)
FN:111,(anonymous_13)
FNF:13
FNH:13
FNDA:1,(anonymous_1)
FNDA:1,(anonymous_2)
FNDA:4,(anonymous_3)
FNDA:4,(anonymous_4)
FNDA:4,(anonymous_5)
FNDA:4,(anonymous_6)
FNDA:5,(anonymous_7)
FNDA:1,(anonymous_8)
FNDA:1,(anonymous_9)
FNDA:1,(anonymous_10)
FNDA:1,(anonymous_11)
FNDA:1,(anonymous_12)
FNDA:2,(anonymous_13)
DA:1,1
DA:2,1
DA:3,1
DA:5,1
DA:13,1
DA:14,1
DA:18,1
DA:19,1
DA:20,1
DA:24,1
DA:25,1
DA:26,1
DA:30,4
DA:31,4
DA:33,0
DA:34,0
DA:35,0
DA:36,0
DA:37,0
DA:38,0
DA:39,0
DA:40,0
DA:41,0
DA:42,0
DA:43,0
DA:44,0
DA:45,0
DA:46,0
DA:48,0
DA:49,0
DA:50,0
DA:54,0
DA:58,4
DA:60,1
DA:62,1
DA:64,1
DA:66,1
DA:68,0
DA:70,0
DA:75,4
DA:76,4
DA:80,4
DA:84,5
DA:85,4
DA:90,1
DA:94,1
DA:98,1
DA:102,1
DA:106,1
DA:110,1
DA:111,1
DA:112,2
DA:113,1
DA:115,1
DA:117,2
LF:55
LH:35
BRDA:18,1,0,1
BRDA:18,1,1,1
BRDA:18,1,2,1
BRDA:19,2,0,1
BRDA:19,2,1,1
BRDA:19,2,2,1
BRDA:20,3,0,0
BRDA:20,3,1,1
BRDA:20,4,0,1
BRDA:20,4,1,1
BRDA:24,5,0,1
BRDA:24,5,1,0
BRDA:24,5,2,1
BRDA:25,6,0,1
BRDA:25,6,1,0
BRDA:25,6,2,1
BRDA:26,7,0,0
BRDA:26,7,1,1
BRDA:26,8,0,1
BRDA:26,8,1,0
BRDA:30,9,0,4
BRDA:30,9,1,0
BRDA:38,10,0,0
BRDA:38,10,1,0
BRDA:40,11,0,0
BRDA:40,11,1,0
BRDA:42,12,0,0
BRDA:42,12,1,0
BRDA:43,13,0,0
BRDA:43,13,1,0
BRDA:44,14,0,0
BRDA:44,14,1,0
BRDA:44,15,0,0
BRDA:44,15,1,0
BRDA:58,16,0,1
BRDA:58,16,1,1
BRDA:58,16,2,1
BRDA:58,16,3,1
BRDA:58,16,4,0
BRDA:58,16,5,0
BRDA:84,17,0,4
BRDA:84,17,1,1
BRDA:112,18,0,1
BRDA:112,18,1,1
BRF:44
BRH:24
end_of_record
TN:
SF:f:\wood\airainhub\service\public\tools.js
FN:13,(anonymous_1)
FN:48,(anonymous_2)
FN:51,(anonymous_3)
FN:67,(anonymous_4)
FN:77,(anonymous_5)
FN:81,(anonymous_6)
FN:90,(anonymous_7)
FN:94,(anonymous_8)
FN:98,(anonymous_9)
FN:106,(anonymous_10)
FN:121,(anonymous_11)
FN:135,(anonymous_12)
FN:142,(anonymous_13)
FN:166,(anonymous_14)
FNF:14
FNH:4
FNDA:0,(anonymous_1)
FNDA:1,(anonymous_2)
FNDA:6,(anonymous_3)
FNDA:4,(anonymous_4)
FNDA:0,(anonymous_5)
FNDA:0,(anonymous_6)
FNDA:0,(anonymous_7)
FNDA:0,(anonymous_8)
FNDA:0,(anonymous_9)
FNDA:0,(anonymous_10)
FNDA:0,(anonymous_11)
FNDA:0,(anonymous_12)
FNDA:0,(anonymous_13)
FNDA:1,(anonymous_14)
DA:7,1
DA:8,1
DA:9,1
DA:10,1
DA:11,1
DA:13,1
DA:14,0
DA:24,0
DA:33,0
DA:34,0
DA:36,0
DA:37,0
DA:39,0
DA:40,0
DA:41,0
DA:44,0
DA:49,1
DA:52,6
DA:53,3
DA:55,3
DA:56,3
DA:57,1
DA:59,2
DA:60,6
DA:61,1
DA:64,1
DA:68,4
DA:69,1
DA:71,3
DA:72,1
DA:74,2
DA:78,0
DA:82,0
DA:83,0
DA:84,0
DA:86,0
DA:91,0
DA:95,0
DA:99,0
DA:100,0
DA:101,0
DA:103,0
DA:107,0
DA:108,0
DA:109,0
DA:111,0
DA:112,0
DA:114,0
DA:115,0
DA:117,0
DA:122,0
DA:123,0
DA:124,0
DA:125,0
DA:126,0
DA:128,0
DA:131,0
DA:136,0
DA:137,0
DA:138,0
DA:139,0
DA:140,0
DA:141,0
DA:142,0
DA:143,0
DA:145,0
DA:147,0
DA:148,0
DA:149,0
DA:151,0
DA:154,0
DA:155,0
DA:157,0
DA:161,0
DA:165,1
DA:166,1
DA:167,1
DA:168,1
DA:170,1
LF:79
LH:26
BRDA:17,1,0,0
BRDA:17,1,1,0
BRDA:33,2,0,0
BRDA:33,2,1,0
BRDA:36,3,0,0
BRDA:36,3,1,0
BRDA:37,4,0,0
BRDA:37,4,1,0
BRDA:37,5,0,0
BRDA:37,5,1,0
BRDA:40,6,0,0
BRDA:40,6,1,0
BRDA:41,7,0,0
BRDA:41,7,1,0
BRDA:52,8,0,3
BRDA:52,8,1,3
BRDA:56,9,0,1
BRDA:56,9,1,2
BRDA:60,10,0,1
BRDA:60,10,1,5
BRDA:60,11,0,6
BRDA:60,11,1,6
BRDA:68,12,0,1
BRDA:68,12,1,3
BRDA:100,13,0,0
BRDA:100,13,1,0
BRDA:103,14,0,0
BRDA:103,14,1,0
BRDA:111,15,0,0
BRDA:111,15,1,0
BRDA:124,16,0,0
BRDA:124,16,1,0
BRDA:137,17,0,0
BRDA:137,17,1,0
BRDA:143,18,0,0
BRDA:143,18,1,0
BRDA:147,19,0,0
BRDA:147,19,1,0
BRDA:147,20,0,0
BRDA:147,20,1,0
BRDA:148,21,0,0
BRDA:148,21,1,0
BRDA:154,22,0,0
BRDA:154,22,1,0
BRDA:167,23,0,1
BRDA:167,23,1,0
BRF:46
BRH:11
end_of_record
